<?xml version="1.0" encoding="UTF-8" standalone="no"?>
<!DOCTYPE log SYSTEM "logger.dtd">
<log>
<record>
  <date>2026-02-11T09:09:08.810-0300</date>
  <logger>CARLOS ALBERTO LEAL DO NASCIMENTO</logger>
  <level>FINE</level>
  <message>File 124211099-CARLOS ALBERTO LEAL DO NASCIMENTO.zip was received. It was sent by CARLOS ALBERTO LEAL DO NASCIMENTO from IP 150.165.42.126 at 11-02-2026 09*09*08</message>
</record>
</log>
<?xml version="1.0" encoding="UTF-8" standalone="no"?>
<!DOCTYPE log SYSTEM "logger.dtd">
<log>
<record>
  <date>2026-02-11T09:17:56.394-0300</date>
  <logger>CARLOS ALBERTO LEAL DO NASCIMENTO</logger>
  <level>FINE</level>
  <message>File 124211099-CARLOS ALBERTO LEAL DO NASCIMENTO.zip was received. It was sent by CARLOS ALBERTO LEAL DO NASCIMENTO from IP 150.165.42.126 at 11-02-2026 09*17*56</message>
</record>
</log>
<?xml version="1.0" encoding="UTF-8" standalone="no"?>
<!DOCTYPE log SYSTEM "logger.dtd">
<log>
<record>
  <date>2026-02-20T11:09:43.025-0300</date>
  <logger>CARLOS ALBERTO LEAL DO NASCIMENTO</logger>
  <level>FINE</level>
  <message>File 124211099-CARLOS ALBERTO LEAL DO NASCIMENTO.zip was received. It was sent by CARLOS ALBERTO LEAL DO NASCIMENTO from IP 150.165.42.126 at 20-02-2026 11*09*42</message>
</record>
